<?xml version="1.0" encoding="UTF-8"?>
<testng-results ignored="0" total="1" passed="1" failed="0" skipped="0">
  <reporter-output>
  </reporter-output>
  <suite started-at="2022-08-30T17:16:01 MDT" name="Default suite" finished-at="2022-08-30T17:16:20 MDT" duration-ms="19026">
    <groups>
    </groups>
    <test started-at="2022-08-30T17:16:01 MDT" name="Default test" finished-at="2022-08-30T17:16:20 MDT" duration-ms="19026">
      <class name="Exception_Handling.ExceptionHandling">
        <test-method signature="firstN()[pri:0, instance:Exception_Handling.ExceptionHandling@7a419da4]" started-at="2022-08-30T17:16:01 MDT" name="firstN" finished-at="2022-08-30T17:16:20 MDT" duration-ms="18967" status="PASS">
          <reporter-output>
          </reporter-output>
        </test-method> <!-- firstN -->
      </class> <!-- Exception_Handling.ExceptionHandling -->
    </test> <!-- Default test -->
  </suite> <!-- Default suite -->
</testng-results>
