<?xml version="1.0" encoding="UTF-8"?>
<testng-results ignored="0" total="3" passed="3" failed="0" skipped="0">
  <reporter-output>
  </reporter-output>
  <suite started-at="2022-08-30T14:47:26 MDT" name="Default suite" finished-at="2022-08-30T14:48:02 MDT" duration-ms="35326">
    <groups>
    </groups>
    <test started-at="2022-08-30T14:47:26 MDT" name="Default test" finished-at="2022-08-30T14:48:02 MDT" duration-ms="35326">
      <class name="MathCalculatorPageFactory.TestCases">
        <test-method is-config="true" signature="SetProperty()[pri:0, instance:MathCalculatorPageFactory.TestCases@5a56cdac]" started-at="2022-08-30T14:47:27 MDT" name="SetProperty" finished-at="2022-08-30T14:47:29 MDT" duration-ms="2894" status="PASS">
          <reporter-output>
          </reporter-output>
        </test-method> <!-- SetProperty -->
        <test-method signature="t_case_01_LogoT()[pri:0, instance:MathCalculatorPageFactory.TestCases@5a56cdac]" started-at="2022-08-30T14:47:29 MDT" name="t_case_01_LogoT" finished-at="2022-08-30T14:47:29 MDT" duration-ms="99" status="PASS">
          <reporter-output>
          </reporter-output>
        </test-method> <!-- t_case_01_LogoT -->
        <test-method is-config="true" signature="tearDown()[pri:0, instance:MathCalculatorPageFactory.TestCases@5a56cdac]" started-at="2022-08-30T14:47:30 MDT" name="tearDown" finished-at="2022-08-30T14:47:33 MDT" duration-ms="3263" status="PASS">
          <reporter-output>
          </reporter-output>
        </test-method> <!-- tearDown -->
        <test-method is-config="true" signature="SetProperty()[pri:0, instance:MathCalculatorPageFactory.TestCases@5a56cdac]" started-at="2022-08-30T14:47:33 MDT" name="SetProperty" finished-at="2022-08-30T14:47:35 MDT" duration-ms="2011" status="PASS">
          <reporter-output>
          </reporter-output>
        </test-method> <!-- SetProperty -->
        <test-method signature="t_case_02_setFunction()[pri:0, instance:MathCalculatorPageFactory.TestCases@5a56cdac]" started-at="2022-08-30T14:47:35 MDT" name="t_case_02_setFunction" finished-at="2022-08-30T14:47:50 MDT" duration-ms="14863" status="PASS">
          <reporter-output>
          </reporter-output>
        </test-method> <!-- t_case_02_setFunction -->
        <test-method is-config="true" signature="tearDown()[pri:0, instance:MathCalculatorPageFactory.TestCases@5a56cdac]" started-at="2022-08-30T14:47:50 MDT" name="tearDown" finished-at="2022-08-30T14:47:57 MDT" duration-ms="7124" status="PASS">
          <reporter-output>
          </reporter-output>
        </test-method> <!-- tearDown -->
        <test-method is-config="true" signature="SetProperty()[pri:0, instance:MathCalculatorPageFactory.TestCases@5a56cdac]" started-at="2022-08-30T14:47:57 MDT" name="SetProperty" finished-at="2022-08-30T14:47:59 MDT" duration-ms="1802" status="PASS">
          <reporter-output>
          </reporter-output>
        </test-method> <!-- SetProperty -->
        <test-method signature="t_case_02_titleT()[pri:0, instance:MathCalculatorPageFactory.TestCases@5a56cdac]" started-at="2022-08-30T14:47:59 MDT" name="t_case_02_titleT" finished-at="2022-08-30T14:47:59 MDT" duration-ms="15" status="PASS">
          <reporter-output>
          </reporter-output>
        </test-method> <!-- t_case_02_titleT -->
        <test-method is-config="true" signature="tearDown()[pri:0, instance:MathCalculatorPageFactory.TestCases@5a56cdac]" started-at="2022-08-30T14:47:59 MDT" name="tearDown" finished-at="2022-08-30T14:48:02 MDT" duration-ms="3211" status="PASS">
          <reporter-output>
          </reporter-output>
        </test-method> <!-- tearDown -->
      </class> <!-- MathCalculatorPageFactory.TestCases -->
    </test> <!-- Default test -->
  </suite> <!-- Default suite -->
</testng-results>
