<?xml version="1.0" encoding="UTF-8"?>
<!-- Generated by org.testng.reporters.JUnitXMLReporter -->
<testsuite ignored="0" hostname="Dell-Storage" failures="0" tests="3" name="Default test" time="35.326" errors="0" timestamp="2022-08-30T14:48:02 MDT">
  <testcase classname="MathCalculatorPageFactory.TestCases" name="t_case_01_LogoT" time="0.099"/>
  <testcase classname="MathCalculatorPageFactory.TestCases" name="t_case_02_setFunction" time="14.863"/>
  <testcase classname="MathCalculatorPageFactory.TestCases" name="t_case_02_titleT" time="0.015"/>
</testsuite> <!-- Default test -->
